<?xml version="1.0" encoding="UTF-8"?>
<testsuite xmlns:xsi="http://www.w3.org/2001/XMLSchema-instance" xsi:noNamespaceSchemaLocation="https://maven.apache.org/surefire/maven-surefire-plugin/xsd/surefire-test-report-3.0.xsd" version="3.0" name="org.eclipse.leshan.integration.tests.lockstep.LockStepTest" time="8.802" tests="8" errors="0" skipped="0" failures="0">
  <properties>
    <property name="java.specification.version" value="15"/>
    <property name="sun.cpu.isalist" value="amd64"/>
    <property name="sun.jnu.encoding" value="Cp1252"/>
    <property name="java.class.path" value="C:\Programmering\leshan\leshan-integration-tests\target\test-classes;C:\Programmering\leshan\leshan-integration-tests\target\classes;C:\Programmering\leshan\leshan-server-cf\target\leshan-server-cf-2.0.0-SNAPSHOT.jar;C:\Programmering\leshan\leshan-core-cf\target\leshan-core-cf-2.0.0-SNAPSHOT.jar;C:\Programmering\leshan\leshan-core\target\leshan-core-2.0.0-SNAPSHOT.jar;C:\Users\Eskild\.m2\repository\com\fasterxml\jackson\core\jackson-databind\2.11.2\jackson-databind-2.11.2.jar;C:\Users\Eskild\.m2\repository\com\fasterxml\jackson\core\jackson-annotations\2.11.2\jackson-annotations-2.11.2.jar;C:\Users\Eskild\.m2\repository\com\fasterxml\jackson\core\jackson-core\2.11.2\jackson-core-2.11.2.jar;C:\Users\Eskild\.m2\repository\com\fasterxml\jackson\dataformat\jackson-dataformat-cbor\2.11.2\jackson-dataformat-cbor-2.11.2.jar;C:\Users\Eskild\.m2\repository\com\upokecenter\cbor\4.3.0\cbor-4.3.0.jar;C:\Users\Eskild\.m2\repository\com\github\peteroupc\numbers\1.7.4\numbers-1.7.4.jar;C:\Programmering\leshan\leshan-server-core\target\leshan-server-core-2.0.0-SNAPSHOT.jar;C:\Users\Eskild\.m2\repository\org\eclipse\californium\californium-core\2.6.1\californium-core-2.6.1.jar;C:\Users\Eskild\.m2\repository\org\eclipse\californium\scandium\2.6.1\scandium-2.6.1.jar;C:\Programmering\leshan\leshan-server-redis\target\leshan-server-redis-2.0.0-SNAPSHOT.jar;C:\Users\Eskild\.m2\repository\redis\clients\jedis\3.3.0\jedis-3.3.0.jar;C:\Users\Eskild\.m2\repository\org\apache\commons\commons-pool2\2.6.2\commons-pool2-2.6.2.jar;C:\Users\Eskild\.m2\repository\com\eclipsesource\minimal-json\minimal-json\0.9.5\minimal-json-0.9.5.jar;C:\Programmering\leshan\leshan-client-cf\target\leshan-client-cf-2.0.0-SNAPSHOT.jar;C:\Programmering\leshan\leshan-client-core\target\leshan-client-core-2.0.0-SNAPSHOT.jar;C:\Users\Eskild\.m2\repository\junit\junit\4.13.1\junit-4.13.1.jar;C:\Users\Eskild\.m2\repository\org\hamcrest\hamcrest-core\1.3\hamcrest-core-1.3.jar;C:\Users\Eskild\.m2\repository\ch\qos\logback\logback-classic\1.2.3\logback-classic-1.2.3.jar;C:\Users\Eskild\.m2\repository\ch\qos\logback\logback-core\1.2.3\logback-core-1.2.3.jar;C:\Users\Eskild\.m2\repository\org\slf4j\slf4j-api\1.7.30\slf4j-api-1.7.30.jar;C:\Users\Eskild\.m2\repository\org\eclipse\californium\californium-core\2.6.1\californium-core-2.6.1-tests.jar;C:\Users\Eskild\.m2\repository\org\eclipse\californium\californium-legal\2.6.1\californium-legal-2.6.1.jar;C:\Users\Eskild\.m2\repository\org\eclipse\californium\element-connector\2.6.1\element-connector-2.6.1.jar;C:\Users\Eskild\.m2\repository\org\eclipse\californium\element-connector\2.6.1\element-connector-2.6.1-tests.jar;"/>
    <property name="java.vm.vendor" value="Oracle Corporation"/>
    <property name="sun.arch.data.model" value="64"/>
    <property name="user.variant" value=""/>
    <property name="java.vendor.url" value="https://java.oracle.com/"/>
    <property name="user.timezone" value="Europe/Berlin"/>
    <property name="os.name" value="Windows 10"/>
    <property name="java.vm.specification.version" value="15"/>
    <property name="sun.java.launcher" value="SUN_STANDARD"/>
    <property name="user.country" value="GB"/>
    <property name="sun.boot.library.path" value="C:\Program Files\Java\jdk-15.0.2\bin"/>
    <property name="sun.java.command" value="C:\Users\Eskild\AppData\Local\Temp\surefire3993942046469855866\surefirebooter10535446724890977405.jar C:\Users\Eskild\AppData\Local\Temp\surefire3993942046469855866 2021-03-04T13-27-41_583-jvmRun1 surefire17321216545216344154tmp surefire_012320145798343818226tmp"/>
    <property name="jdk.debug" value="release"/>
    <property name="surefire.test.class.path" value="C:\Programmering\leshan\leshan-integration-tests\target\test-classes;C:\Programmering\leshan\leshan-integration-tests\target\classes;C:\Programmering\leshan\leshan-server-cf\target\leshan-server-cf-2.0.0-SNAPSHOT.jar;C:\Programmering\leshan\leshan-core-cf\target\leshan-core-cf-2.0.0-SNAPSHOT.jar;C:\Programmering\leshan\leshan-core\target\leshan-core-2.0.0-SNAPSHOT.jar;C:\Users\Eskild\.m2\repository\com\fasterxml\jackson\core\jackson-databind\2.11.2\jackson-databind-2.11.2.jar;C:\Users\Eskild\.m2\repository\com\fasterxml\jackson\core\jackson-annotations\2.11.2\jackson-annotations-2.11.2.jar;C:\Users\Eskild\.m2\repository\com\fasterxml\jackson\core\jackson-core\2.11.2\jackson-core-2.11.2.jar;C:\Users\Eskild\.m2\repository\com\fasterxml\jackson\dataformat\jackson-dataformat-cbor\2.11.2\jackson-dataformat-cbor-2.11.2.jar;C:\Users\Eskild\.m2\repository\com\upokecenter\cbor\4.3.0\cbor-4.3.0.jar;C:\Users\Eskild\.m2\repository\com\github\peteroupc\numbers\1.7.4\numbers-1.7.4.jar;C:\Programmering\leshan\leshan-server-core\target\leshan-server-core-2.0.0-SNAPSHOT.jar;C:\Users\Eskild\.m2\repository\org\eclipse\californium\californium-core\2.6.1\californium-core-2.6.1.jar;C:\Users\Eskild\.m2\repository\org\eclipse\californium\scandium\2.6.1\scandium-2.6.1.jar;C:\Programmering\leshan\leshan-server-redis\target\leshan-server-redis-2.0.0-SNAPSHOT.jar;C:\Users\Eskild\.m2\repository\redis\clients\jedis\3.3.0\jedis-3.3.0.jar;C:\Users\Eskild\.m2\repository\org\apache\commons\commons-pool2\2.6.2\commons-pool2-2.6.2.jar;C:\Users\Eskild\.m2\repository\com\eclipsesource\minimal-json\minimal-json\0.9.5\minimal-json-0.9.5.jar;C:\Programmering\leshan\leshan-client-cf\target\leshan-client-cf-2.0.0-SNAPSHOT.jar;C:\Programmering\leshan\leshan-client-core\target\leshan-client-core-2.0.0-SNAPSHOT.jar;C:\Users\Eskild\.m2\repository\junit\junit\4.13.1\junit-4.13.1.jar;C:\Users\Eskild\.m2\repository\org\hamcrest\hamcrest-core\1.3\hamcrest-core-1.3.jar;C:\Users\Eskild\.m2\repository\ch\qos\logback\logback-classic\1.2.3\logback-classic-1.2.3.jar;C:\Users\Eskild\.m2\repository\ch\qos\logback\logback-core\1.2.3\logback-core-1.2.3.jar;C:\Users\Eskild\.m2\repository\org\slf4j\slf4j-api\1.7.30\slf4j-api-1.7.30.jar;C:\Users\Eskild\.m2\repository\org\eclipse\californium\californium-core\2.6.1\californium-core-2.6.1-tests.jar;C:\Users\Eskild\.m2\repository\org\eclipse\californium\californium-legal\2.6.1\californium-legal-2.6.1.jar;C:\Users\Eskild\.m2\repository\org\eclipse\californium\element-connector\2.6.1\element-connector-2.6.1.jar;C:\Users\Eskild\.m2\repository\org\eclipse\californium\element-connector\2.6.1\element-connector-2.6.1-tests.jar;"/>
    <property name="sun.cpu.endian" value="little"/>
    <property name="user.home" value="C:\Users\Eskild"/>
    <property name="user.language" value="en"/>
    <property name="java.specification.vendor" value="Oracle Corporation"/>
    <property name="java.version.date" value="2021-01-19"/>
    <property name="java.home" value="C:\Program Files\Java\jdk-15.0.2"/>
    <property name="file.separator" value="\"/>
    <property name="basedir" value="C:\Programmering\leshan\leshan-integration-tests"/>
    <property name="java.vm.compressedOopsMode" value="Zero based"/>
    <property name="line.separator" value="&#10;"/>
    <property name="java.vm.specification.vendor" value="Oracle Corporation"/>
    <property name="java.specification.name" value="Java Platform API Specification"/>
    <property name="logback.configurationFile" value="logback-leshan-test.xml"/>
    <property name="surefire.real.class.path" value="C:\Users\Eskild\AppData\Local\Temp\surefire3993942046469855866\surefirebooter10535446724890977405.jar"/>
    <property name="user.script" value=""/>
    <property name="sun.management.compiler" value="HotSpot 64-Bit Tiered Compilers"/>
    <property name="java.runtime.version" value="15.0.2+7-27"/>
    <property name="user.name" value="Eskild"/>
    <property name="path.separator" value=";"/>
    <property name="os.version" value="10.0"/>
    <property name="java.runtime.name" value="Java(TM) SE Runtime Environment"/>
    <property name="file.encoding" value="Cp1252"/>
    <property name="java.vm.name" value="Java HotSpot(TM) 64-Bit Server VM"/>
    <property name="localRepository" value="C:\Users\Eskild\.m2\repository"/>
    <property name="java.vendor.url.bug" value="https://bugreport.java.com/bugreport/"/>
    <property name="java.io.tmpdir" value="C:\Users\Eskild\AppData\Local\Temp\"/>
    <property name="java.version" value="15.0.2"/>
    <property name="user.dir" value="C:\Programmering\leshan\leshan-integration-tests"/>
    <property name="os.arch" value="amd64"/>
    <property name="java.vm.specification.name" value="Java Virtual Machine Specification"/>
    <property name="sun.os.patch.level" value=""/>
    <property name="java.library.path" value="C:\Program Files\Java\jdk-15.0.2\bin;C:\WINDOWS\Sun\Java\bin;C:\WINDOWS\system32;C:\WINDOWS;C:\Program Files\Java\jdk-15.0.2\bin;C:\Program Files\Common Files\Oracle\Java\javapath;C:\Program Files (x86)\Common Files\Oracle\Java\javapath;C:\WINDOWS\system32;C:\WINDOWS;C:\WINDOWS\System32\Wbem;C:\WINDOWS\System32\WindowsPowerShell\v1.0\;C:\Users\Eskild\AppData\Local\Microsoft\WindowsApps;C:\Program Files\gs\gs9.53.3\bin;C:\Program Files (x86)\MSBuild\14.0\Bin;C:\Program Files (x86)\Mono\bin;C:\WINDOWS\System32\OpenSSH\;C:\Users\Eskild\AppData\Local\Packages\PythonSoftwareFoundation.Python.3.8_qbz5n2kfra8p0\LocalCache\local-packages\Python38\Scripts;C:\Users\Eskild\AppData\Local\Packages\PythonSoftwareFoundation.Python.3.9_qbz5n2kfra8p0\LocalCache\local-packages\Python39\Scripts;C:\Programmering\texlive\2020\bin\win32;C:\Program Files\MATLAB\R2018b\bin;C:\Program Files\dotnet\;C:\Program Files\apache-maven-3.6.3\bin;C:\Program Files\NVIDIA Corporation\NVIDIA NvDLISR;C:\Program Files (x86)\NVIDIA Corporation\PhysX\Common;C:\WINDOWS\system32;C:\WINDOWS;C:\WINDOWS\System32\Wbem;C:\WINDOWS\System32\OpenSSH\;C:\WINDOWS\System32\WindowsPowerShell\v1.0\;C:\ProgramData\chocolatey\bin;C:\Program Files\CMake\bin;C:\Program Files\Git\cmd;C:\Python27\Scripts;C:\Users\Eskild\AppData\Roaming\Vintagestory;C:\Users\Eskild\AppData\Roaming\VintagestoryData;C:\Program Files\Microsoft SQL Server\130\Tools\Binn\;C:\Program Files (x86)\ZeroTier\One\;C:\Program Files\Sublime Text 3;C:\Python27;C:\Users\Eskild\AppData\Local\Programs\Python\Python39\Scripts\;C:\Users\Eskild\AppData\Local\Programs\Python\Python39\;C:\Programmering\texlive\2020;C:\Users\Eskild\.dotnet\tools;C:\Python27\;C:\Python27\Scripts\;."/>
    <property name="java.vm.info" value="mixed mode, sharing"/>
    <property name="java.vendor" value="Oracle Corporation"/>
    <property name="java.vm.version" value="15.0.2+7-27"/>
    <property name="sun.io.unicode.encoding" value="UnicodeLittle"/>
    <property name="java.class.version" value="59.0"/>
  </properties>
  <testcase name="async_send_with_acknowleged_request_without_response" classname="org.eclipse.leshan.integration.tests.lockstep.LockStepTest" time="3.518"/>
  <testcase name="register_with_uq_binding_in_lw_1_0" classname="org.eclipse.leshan.integration.tests.lockstep.LockStepTest" time="0.019"/>
  <testcase name="register_update_with_invalid_binding_for_lw_1_0" classname="org.eclipse.leshan.integration.tests.lockstep.LockStepTest" time="0.02"/>
  <testcase name="register_update_with_invalid_binding_for_lw_1_1" classname="org.eclipse.leshan.integration.tests.lockstep.LockStepTest" time="0.02"/>
  <testcase name="sync_send_without_acknowleged" classname="org.eclipse.leshan.integration.tests.lockstep.LockStepTest" time="1.074"/>
  <testcase name="async_send_without_acknowleged" classname="org.eclipse.leshan.integration.tests.lockstep.LockStepTest" time="1.099"/>
  <testcase name="register_with_ut_binding_in_lw_1_1" classname="org.eclipse.leshan.integration.tests.lockstep.LockStepTest" time="0.021"/>
  <testcase name="sync_send_with_acknowleged_request_without_response" classname="org.eclipse.leshan.integration.tests.lockstep.LockStepTest" time="3.031"/>
</testsuite>