<?xml version="1.0" encoding="UTF-8"?>
<testsuite xmlns:xsi="http://www.w3.org/2001/XMLSchema-instance" xsi:noNamespaceSchemaLocation="https://maven.apache.org/surefire/maven-surefire-plugin/xsd/surefire-test-report-3.0.xsd" version="3.0" name="org.eclipse.leshan.integration.tests.SecurityTest" time="56.666" tests="53" errors="10" skipped="0" failures="1">
  <properties>
    <property name="java.specification.version" value="15"/>
    <property name="sun.cpu.isalist" value="amd64"/>
    <property name="sun.jnu.encoding" value="Cp1252"/>
    <property name="java.class.path" value="C:\Programmering\leshan\leshan-integration-tests\target\test-classes;C:\Programmering\leshan\leshan-integration-tests\target\classes;C:\Programmering\leshan\leshan-server-cf\target\leshan-server-cf-2.0.0-SNAPSHOT.jar;C:\Programmering\leshan\leshan-core-cf\target\leshan-core-cf-2.0.0-SNAPSHOT.jar;C:\Programmering\leshan\leshan-core\target\leshan-core-2.0.0-SNAPSHOT.jar;C:\Users\Eskild\.m2\repository\com\fasterxml\jackson\core\jackson-databind\2.11.2\jackson-databind-2.11.2.jar;C:\Users\Eskild\.m2\repository\com\fasterxml\jackson\core\jackson-annotations\2.11.2\jackson-annotations-2.11.2.jar;C:\Users\Eskild\.m2\repository\com\fasterxml\jackson\core\jackson-core\2.11.2\jackson-core-2.11.2.jar;C:\Users\Eskild\.m2\repository\com\fasterxml\jackson\dataformat\jackson-dataformat-cbor\2.11.2\jackson-dataformat-cbor-2.11.2.jar;C:\Users\Eskild\.m2\repository\com\upokecenter\cbor\4.3.0\cbor-4.3.0.jar;C:\Users\Eskild\.m2\repository\com\github\peteroupc\numbers\1.7.4\numbers-1.7.4.jar;C:\Programmering\leshan\leshan-server-core\target\leshan-server-core-2.0.0-SNAPSHOT.jar;C:\Users\Eskild\.m2\repository\org\eclipse\californium\californium-core\2.6.1\californium-core-2.6.1.jar;C:\Users\Eskild\.m2\repository\org\eclipse\californium\scandium\2.6.1\scandium-2.6.1.jar;C:\Programmering\leshan\leshan-server-redis\target\leshan-server-redis-2.0.0-SNAPSHOT.jar;C:\Users\Eskild\.m2\repository\redis\clients\jedis\3.3.0\jedis-3.3.0.jar;C:\Users\Eskild\.m2\repository\org\apache\commons\commons-pool2\2.6.2\commons-pool2-2.6.2.jar;C:\Users\Eskild\.m2\repository\com\eclipsesource\minimal-json\minimal-json\0.9.5\minimal-json-0.9.5.jar;C:\Programmering\leshan\leshan-client-cf\target\leshan-client-cf-2.0.0-SNAPSHOT.jar;C:\Programmering\leshan\leshan-client-core\target\leshan-client-core-2.0.0-SNAPSHOT.jar;C:\Users\Eskild\.m2\repository\junit\junit\4.13.1\junit-4.13.1.jar;C:\Users\Eskild\.m2\repository\org\hamcrest\hamcrest-core\1.3\hamcrest-core-1.3.jar;C:\Users\Eskild\.m2\repository\ch\qos\logback\logback-classic\1.2.3\logback-classic-1.2.3.jar;C:\Users\Eskild\.m2\repository\ch\qos\logback\logback-core\1.2.3\logback-core-1.2.3.jar;C:\Users\Eskild\.m2\repository\org\slf4j\slf4j-api\1.7.30\slf4j-api-1.7.30.jar;C:\Users\Eskild\.m2\repository\org\eclipse\californium\californium-core\2.6.1\californium-core-2.6.1-tests.jar;C:\Users\Eskild\.m2\repository\org\eclipse\californium\californium-legal\2.6.1\californium-legal-2.6.1.jar;C:\Users\Eskild\.m2\repository\org\eclipse\californium\element-connector\2.6.1\element-connector-2.6.1.jar;C:\Users\Eskild\.m2\repository\org\eclipse\californium\element-connector\2.6.1\element-connector-2.6.1-tests.jar;"/>
    <property name="java.vm.vendor" value="Oracle Corporation"/>
    <property name="sun.arch.data.model" value="64"/>
    <property name="user.variant" value=""/>
    <property name="java.vendor.url" value="https://java.oracle.com/"/>
    <property name="user.timezone" value="Europe/Berlin"/>
    <property name="os.name" value="Windows 10"/>
    <property name="java.vm.specification.version" value="15"/>
    <property name="sun.java.launcher" value="SUN_STANDARD"/>
    <property name="user.country" value="GB"/>
    <property name="sun.boot.library.path" value="C:\Program Files\Java\jdk-15.0.2\bin"/>
    <property name="sun.java.command" value="C:\Users\Eskild\AppData\Local\Temp\surefire3993942046469855866\surefirebooter10535446724890977405.jar C:\Users\Eskild\AppData\Local\Temp\surefire3993942046469855866 2021-03-04T13-27-41_583-jvmRun1 surefire17321216545216344154tmp surefire_012320145798343818226tmp"/>
    <property name="jdk.debug" value="release"/>
    <property name="surefire.test.class.path" value="C:\Programmering\leshan\leshan-integration-tests\target\test-classes;C:\Programmering\leshan\leshan-integration-tests\target\classes;C:\Programmering\leshan\leshan-server-cf\target\leshan-server-cf-2.0.0-SNAPSHOT.jar;C:\Programmering\leshan\leshan-core-cf\target\leshan-core-cf-2.0.0-SNAPSHOT.jar;C:\Programmering\leshan\leshan-core\target\leshan-core-2.0.0-SNAPSHOT.jar;C:\Users\Eskild\.m2\repository\com\fasterxml\jackson\core\jackson-databind\2.11.2\jackson-databind-2.11.2.jar;C:\Users\Eskild\.m2\repository\com\fasterxml\jackson\core\jackson-annotations\2.11.2\jackson-annotations-2.11.2.jar;C:\Users\Eskild\.m2\repository\com\fasterxml\jackson\core\jackson-core\2.11.2\jackson-core-2.11.2.jar;C:\Users\Eskild\.m2\repository\com\fasterxml\jackson\dataformat\jackson-dataformat-cbor\2.11.2\jackson-dataformat-cbor-2.11.2.jar;C:\Users\Eskild\.m2\repository\com\upokecenter\cbor\4.3.0\cbor-4.3.0.jar;C:\Users\Eskild\.m2\repository\com\github\peteroupc\numbers\1.7.4\numbers-1.7.4.jar;C:\Programmering\leshan\leshan-server-core\target\leshan-server-core-2.0.0-SNAPSHOT.jar;C:\Users\Eskild\.m2\repository\org\eclipse\californium\californium-core\2.6.1\californium-core-2.6.1.jar;C:\Users\Eskild\.m2\repository\org\eclipse\californium\scandium\2.6.1\scandium-2.6.1.jar;C:\Programmering\leshan\leshan-server-redis\target\leshan-server-redis-2.0.0-SNAPSHOT.jar;C:\Users\Eskild\.m2\repository\redis\clients\jedis\3.3.0\jedis-3.3.0.jar;C:\Users\Eskild\.m2\repository\org\apache\commons\commons-pool2\2.6.2\commons-pool2-2.6.2.jar;C:\Users\Eskild\.m2\repository\com\eclipsesource\minimal-json\minimal-json\0.9.5\minimal-json-0.9.5.jar;C:\Programmering\leshan\leshan-client-cf\target\leshan-client-cf-2.0.0-SNAPSHOT.jar;C:\Programmering\leshan\leshan-client-core\target\leshan-client-core-2.0.0-SNAPSHOT.jar;C:\Users\Eskild\.m2\repository\junit\junit\4.13.1\junit-4.13.1.jar;C:\Users\Eskild\.m2\repository\org\hamcrest\hamcrest-core\1.3\hamcrest-core-1.3.jar;C:\Users\Eskild\.m2\repository\ch\qos\logback\logback-classic\1.2.3\logback-classic-1.2.3.jar;C:\Users\Eskild\.m2\repository\ch\qos\logback\logback-core\1.2.3\logback-core-1.2.3.jar;C:\Users\Eskild\.m2\repository\org\slf4j\slf4j-api\1.7.30\slf4j-api-1.7.30.jar;C:\Users\Eskild\.m2\repository\org\eclipse\californium\californium-core\2.6.1\californium-core-2.6.1-tests.jar;C:\Users\Eskild\.m2\repository\org\eclipse\californium\californium-legal\2.6.1\californium-legal-2.6.1.jar;C:\Users\Eskild\.m2\repository\org\eclipse\californium\element-connector\2.6.1\element-connector-2.6.1.jar;C:\Users\Eskild\.m2\repository\org\eclipse\californium\element-connector\2.6.1\element-connector-2.6.1-tests.jar;"/>
    <property name="sun.cpu.endian" value="little"/>
    <property name="user.home" value="C:\Users\Eskild"/>
    <property name="user.language" value="en"/>
    <property name="java.specification.vendor" value="Oracle Corporation"/>
    <property name="java.version.date" value="2021-01-19"/>
    <property name="java.home" value="C:\Program Files\Java\jdk-15.0.2"/>
    <property name="file.separator" value="\"/>
    <property name="basedir" value="C:\Programmering\leshan\leshan-integration-tests"/>
    <property name="java.vm.compressedOopsMode" value="Zero based"/>
    <property name="line.separator" value="&#10;"/>
    <property name="java.vm.specification.vendor" value="Oracle Corporation"/>
    <property name="java.specification.name" value="Java Platform API Specification"/>
    <property name="logback.configurationFile" value="logback-leshan-test.xml"/>
    <property name="surefire.real.class.path" value="C:\Users\Eskild\AppData\Local\Temp\surefire3993942046469855866\surefirebooter10535446724890977405.jar"/>
    <property name="user.script" value=""/>
    <property name="sun.management.compiler" value="HotSpot 64-Bit Tiered Compilers"/>
    <property name="java.runtime.version" value="15.0.2+7-27"/>
    <property name="user.name" value="Eskild"/>
    <property name="path.separator" value=";"/>
    <property name="os.version" value="10.0"/>
    <property name="java.runtime.name" value="Java(TM) SE Runtime Environment"/>
    <property name="file.encoding" value="Cp1252"/>
    <property name="java.vm.name" value="Java HotSpot(TM) 64-Bit Server VM"/>
    <property name="localRepository" value="C:\Users\Eskild\.m2\repository"/>
    <property name="java.vendor.url.bug" value="https://bugreport.java.com/bugreport/"/>
    <property name="java.io.tmpdir" value="C:\Users\Eskild\AppData\Local\Temp\"/>
    <property name="java.version" value="15.0.2"/>
    <property name="user.dir" value="C:\Programmering\leshan\leshan-integration-tests"/>
    <property name="os.arch" value="amd64"/>
    <property name="java.vm.specification.name" value="Java Virtual Machine Specification"/>
    <property name="sun.os.patch.level" value=""/>
    <property name="java.library.path" value="C:\Program Files\Java\jdk-15.0.2\bin;C:\WINDOWS\Sun\Java\bin;C:\WINDOWS\system32;C:\WINDOWS;C:\Program Files\Java\jdk-15.0.2\bin;C:\Program Files\Common Files\Oracle\Java\javapath;C:\Program Files (x86)\Common Files\Oracle\Java\javapath;C:\WINDOWS\system32;C:\WINDOWS;C:\WINDOWS\System32\Wbem;C:\WINDOWS\System32\WindowsPowerShell\v1.0\;C:\Users\Eskild\AppData\Local\Microsoft\WindowsApps;C:\Program Files\gs\gs9.53.3\bin;C:\Program Files (x86)\MSBuild\14.0\Bin;C:\Program Files (x86)\Mono\bin;C:\WINDOWS\System32\OpenSSH\;C:\Users\Eskild\AppData\Local\Packages\PythonSoftwareFoundation.Python.3.8_qbz5n2kfra8p0\LocalCache\local-packages\Python38\Scripts;C:\Users\Eskild\AppData\Local\Packages\PythonSoftwareFoundation.Python.3.9_qbz5n2kfra8p0\LocalCache\local-packages\Python39\Scripts;C:\Programmering\texlive\2020\bin\win32;C:\Program Files\MATLAB\R2018b\bin;C:\Program Files\dotnet\;C:\Program Files\apache-maven-3.6.3\bin;C:\Program Files\NVIDIA Corporation\NVIDIA NvDLISR;C:\Program Files (x86)\NVIDIA Corporation\PhysX\Common;C:\WINDOWS\system32;C:\WINDOWS;C:\WINDOWS\System32\Wbem;C:\WINDOWS\System32\OpenSSH\;C:\WINDOWS\System32\WindowsPowerShell\v1.0\;C:\ProgramData\chocolatey\bin;C:\Program Files\CMake\bin;C:\Program Files\Git\cmd;C:\Python27\Scripts;C:\Users\Eskild\AppData\Roaming\Vintagestory;C:\Users\Eskild\AppData\Roaming\VintagestoryData;C:\Program Files\Microsoft SQL Server\130\Tools\Binn\;C:\Program Files (x86)\ZeroTier\One\;C:\Program Files\Sublime Text 3;C:\Python27;C:\Users\Eskild\AppData\Local\Programs\Python\Python39\Scripts\;C:\Users\Eskild\AppData\Local\Programs\Python\Python39\;C:\Programmering\texlive\2020;C:\Users\Eskild\.dotnet\tools;C:\Python27\;C:\Python27\Scripts\;."/>
    <property name="java.vm.info" value="mixed mode, sharing"/>
    <property name="java.vendor" value="Oracle Corporation"/>
    <property name="java.vm.version" value="15.0.2+7-27"/>
    <property name="sun.io.unicode.encoding" value="UnicodeLittle"/>
    <property name="java.class.version" value="59.0"/>
  </properties>
  <testcase name="registered_device_with_bad_psk_key_to_server_with_psk" classname="org.eclipse.leshan.integration.tests.SecurityTest" time="1.365"/>
  <testcase name="registered_device_with_rpk_to_server_with_rpk" classname="org.eclipse.leshan.integration.tests.SecurityTest" time="0.569"/>
  <testcase name="registered_device_with_x509cert_to_server_with_x509cert_selfsigned_certificate_usage_ca_selfsigned_server_cert_given" classname="org.eclipse.leshan.integration.tests.SecurityTest" time="1.052"/>
  <testcase name="registered_device_with_x509cert_to_server_with_x509cert_server_certificate_usage_ca_server_cert_wo_chain_given" classname="org.eclipse.leshan.integration.tests.SecurityTest" time="1.052"/>
  <testcase name="registered_device_with_psk_and_bad_endpoint_to_server_with_psk" classname="org.eclipse.leshan.integration.tests.SecurityTest" time="1.055"/>
  <testcase name="registered_device_with_psk_to_server_with_psk" classname="org.eclipse.leshan.integration.tests.SecurityTest" time="0.546"/>
  <testcase name="registered_device_with_x509cert_to_server_with_x509cert_selfsigned_certificate_usage_service_selfsigned_server_cert_given" classname="org.eclipse.leshan.integration.tests.SecurityTest" time="1.065"/>
  <testcase name="registered_device_with_rpk_to_server_with_rpk_then_remove_security_info" classname="org.eclipse.leshan.integration.tests.SecurityTest" time="2.623"/>
  <testcase name="registered_device_with_untrusted_x509cert_to_server_with_x509cert" classname="org.eclipse.leshan.integration.tests.SecurityTest" time="1.063"/>
  <testcase name="registered_device_with_bad_rpk_to_server_with_rpk_" classname="org.eclipse.leshan.integration.tests.SecurityTest" time="1.043"/>
  <testcase name="registered_device_with_x509cert_to_server_with_x509cert_server_certificate_usage_service_server_cert_wo_chain_given" classname="org.eclipse.leshan.integration.tests.SecurityTest" time="1.068"/>
  <testcase name="registered_device_with_x509cert_to_server_with_x509cert_rootca_certificate_usage_domain_other_server_cert_given" classname="org.eclipse.leshan.integration.tests.SecurityTest" time="1.055"/>
  <testcase name="registered_device_with_x509cert_to_server_with_x509cert_rootca_certificate_usage_domain" classname="org.eclipse.leshan.integration.tests.SecurityTest" time="1.056">
    <error message="java.util.concurrent.TimeoutException: wait for register timeout" type="java.lang.RuntimeException"><![CDATA[java.lang.RuntimeException: java.util.concurrent.TimeoutException: wait for register timeout
	at org.eclipse.leshan.integration.tests.SecurityTest.registered_device_with_x509cert_to_server_with_x509cert_rootca_certificate_usage_domain(SecurityTest.java:1412)
Caused by: java.util.concurrent.TimeoutException: wait for register timeout
	at org.eclipse.leshan.integration.tests.SecurityTest.registered_device_with_x509cert_to_server_with_x509cert_rootca_certificate_usage_domain(SecurityTest.java:1412)
]]></error>
  </testcase>
  <testcase name="register_update_deregister_reregister_device_with_psk_to_server_with_psk" classname="org.eclipse.leshan.integration.tests.SecurityTest" time="1.824"/>
  <testcase name="registered_device_with_x509cert_to_server_with_x509cert_rootca_certificate_usage_domain_root_ca_given" classname="org.eclipse.leshan.integration.tests.SecurityTest" time="1.065"/>
  <testcase name="registered_device_with_x509cert_to_server_with_x509cert_rootca_certificate_usage_domain_selfsigned_server_cert_given" classname="org.eclipse.leshan.integration.tests.SecurityTest" time="1.04"/>
  <testcase name="register_update_reregister_device_with_psk_to_server_with_psk" classname="org.eclipse.leshan.integration.tests.SecurityTest" time="2.325"/>
  <testcase name="nonunique_psk_identity" classname="org.eclipse.leshan.integration.tests.SecurityTest" time="0.019"/>
  <testcase name="registered_device_with_selfsigned_x509cert_to_server_with_x509cert" classname="org.eclipse.leshan.integration.tests.SecurityTest" time="1.042"/>
  <testcase name="registered_device_with_x509cert_to_server_with_x509cert_rootca_certificate_taa_domain_root_ca_given" classname="org.eclipse.leshan.integration.tests.SecurityTest" time="1.057">
    <error message="java.util.concurrent.TimeoutException: wait for register timeout" type="java.lang.RuntimeException"><![CDATA[java.lang.RuntimeException: java.util.concurrent.TimeoutException: wait for register timeout
	at org.eclipse.leshan.integration.tests.SecurityTest.registered_device_with_x509cert_to_server_with_x509cert_rootca_certificate_taa_domain_root_ca_given(SecurityTest.java:1243)
Caused by: java.util.concurrent.TimeoutException: wait for register timeout
	at org.eclipse.leshan.integration.tests.SecurityTest.registered_device_with_x509cert_to_server_with_x509cert_rootca_certificate_taa_domain_root_ca_given(SecurityTest.java:1243)
]]></error>
  </testcase>
  <testcase name="registered_device_with_x509cert_to_server_with_x509cert_rootca_certificate_usage_service_selfsigned_server_cert_given" classname="org.eclipse.leshan.integration.tests.SecurityTest" time="1.071"/>
  <testcase name="registered_device_with_x509cert_to_server_with_x509cert_rootca_certificate_usage_ca_other_server_cert_given" classname="org.eclipse.leshan.integration.tests.SecurityTest" time="1.067"/>
  <testcase name="dont_sent_request_if_identity_change" classname="org.eclipse.leshan.integration.tests.SecurityTest" time="0.063"/>
  <testcase name="registered_device_with_rpk_and_bad_endpoint_to_server_with_rpk" classname="org.eclipse.leshan.integration.tests.SecurityTest" time="1.068"/>
  <testcase name="change_psk_identity_cleanup" classname="org.eclipse.leshan.integration.tests.SecurityTest" time="0.155"/>
  <testcase name="registered_device_with_x509cert_to_server_with_x509cert_rootca_certificate_usage_taa" classname="org.eclipse.leshan.integration.tests.SecurityTest" time="1.137"/>
  <testcase name="registered_device_with_x509cert_to_server_with_x509cert_selfsigned_certificate_usage_taa_selfsigned_server_cert_given" classname="org.eclipse.leshan.integration.tests.SecurityTest" time="1.049"/>
  <testcase name="registered_device_with_x509cert_to_server_with_x509cert_rootca_certificate_ca_domain_root_ca_given" classname="org.eclipse.leshan.integration.tests.SecurityTest" time="1.041">
    <error message="java.util.concurrent.TimeoutException: wait for register timeout" type="java.lang.RuntimeException"><![CDATA[java.lang.RuntimeException: java.util.concurrent.TimeoutException: wait for register timeout
	at org.eclipse.leshan.integration.tests.SecurityTest.registered_device_with_x509cert_to_server_with_x509cert_rootca_certificate_ca_domain_root_ca_given(SecurityTest.java:800)
Caused by: java.util.concurrent.TimeoutException: wait for register timeout
	at org.eclipse.leshan.integration.tests.SecurityTest.registered_device_with_x509cert_to_server_with_x509cert_rootca_certificate_ca_domain_root_ca_given(SecurityTest.java:800)
]]></error>
  </testcase>
  <testcase name="registered_device_with_x509cert_to_server_with_x509cert_rootca_certificate_usage_ca_selfsigned_server_cert_given" classname="org.eclipse.leshan.integration.tests.SecurityTest" time="1.065"/>
  <testcase name="registered_device_with_x509cert_to_server_with_x509cert_rootca_certificate_usage_ca_intca_given" classname="org.eclipse.leshan.integration.tests.SecurityTest" time="1.093">
    <error message="java.util.concurrent.TimeoutException: wait for register timeout" type="java.lang.RuntimeException"><![CDATA[java.lang.RuntimeException: java.util.concurrent.TimeoutException: wait for register timeout
	at org.eclipse.leshan.integration.tests.SecurityTest.registered_device_with_x509cert_to_server_with_x509cert_rootca_certificate_usage_ca_intca_given(SecurityTest.java:765)
Caused by: java.util.concurrent.TimeoutException: wait for register timeout
	at org.eclipse.leshan.integration.tests.SecurityTest.registered_device_with_x509cert_to_server_with_x509cert_rootca_certificate_usage_ca_intca_given(SecurityTest.java:765)
]]></error>
  </testcase>
  <testcase name="registered_device_with_x509cert_to_server_with_rpk" classname="org.eclipse.leshan.integration.tests.SecurityTest" time="1.106"/>
  <testcase name="registered_device_with_x509cert_to_server_with_x509cert_rootca_certificate_usage_taa_intca_given" classname="org.eclipse.leshan.integration.tests.SecurityTest" time="1.083">
    <error message="java.util.concurrent.TimeoutException: wait for register timeout" type="java.lang.RuntimeException"><![CDATA[java.lang.RuntimeException: java.util.concurrent.TimeoutException: wait for register timeout
	at org.eclipse.leshan.integration.tests.SecurityTest.registered_device_with_x509cert_to_server_with_x509cert_rootca_certificate_usage_taa_intca_given(SecurityTest.java:1208)
Caused by: java.util.concurrent.TimeoutException: wait for register timeout
	at org.eclipse.leshan.integration.tests.SecurityTest.registered_device_with_x509cert_to_server_with_x509cert_rootca_certificate_usage_taa_intca_given(SecurityTest.java:1208)
]]></error>
  </testcase>
  <testcase name="registered_device_with_x509cert_to_server_with_x509cert_rootca_certificate_usage_taa_other_server_cert_given" classname="org.eclipse.leshan.integration.tests.SecurityTest" time="1.056"/>
  <testcase name="registered_device_with_rpk_to_server_with_x509cert" classname="org.eclipse.leshan.integration.tests.SecurityTest" time="0.589"/>
  <testcase name="registered_device_with_x509cert_to_server_with_x509cert" classname="org.eclipse.leshan.integration.tests.SecurityTest" time="1.069">
    <error message="java.util.concurrent.TimeoutException: wait for register timeout" type="java.lang.RuntimeException"><![CDATA[java.lang.RuntimeException: java.util.concurrent.TimeoutException: wait for register timeout
	at org.eclipse.leshan.integration.tests.SecurityTest.registered_device_with_x509cert_to_server_with_x509cert(SecurityTest.java:586)
Caused by: java.util.concurrent.TimeoutException: wait for register timeout
	at org.eclipse.leshan.integration.tests.SecurityTest.registered_device_with_x509cert_to_server_with_x509cert(SecurityTest.java:586)
]]></error>
  </testcase>
  <testcase name="registered_device_with_x509cert_to_server_with_x509cert_server_certificate_usage_taa_server_cert_wo_chain_given" classname="org.eclipse.leshan.integration.tests.SecurityTest" time="1.064"/>
  <testcase name="registered_device_with_x509cert_to_server_with_x509cert_then_remove_security_info" classname="org.eclipse.leshan.integration.tests.SecurityTest" time="0.065">
    <failure type="java.lang.AssertionError"><![CDATA[java.lang.AssertionError
	at org.eclipse.leshan.integration.tests.SecurityTest.registered_device_with_x509cert_to_server_with_x509cert_then_remove_security_info(SecurityTest.java:559)
]]></failure>
  </testcase>
  <testcase name="server_initiates_dtls_handshake" classname="org.eclipse.leshan.integration.tests.SecurityTest" time="0.044"/>
  <testcase name="registered_device_with_x509cert_to_server_with_x509cert_rootca_certificate_usage_service" classname="org.eclipse.leshan.integration.tests.SecurityTest" time="1.036">
    <error message="java.util.concurrent.TimeoutException: wait for register timeout" type="java.lang.RuntimeException"><![CDATA[java.lang.RuntimeException: java.util.concurrent.TimeoutException: wait for register timeout
	at org.eclipse.leshan.integration.tests.SecurityTest.registered_device_with_x509cert_to_server_with_x509cert_rootca_certificate_usage_service(SecurityTest.java:970)
Caused by: java.util.concurrent.TimeoutException: wait for register timeout
	at org.eclipse.leshan.integration.tests.SecurityTest.registered_device_with_x509cert_to_server_with_x509cert_rootca_certificate_usage_service(SecurityTest.java:970)
]]></error>
  </testcase>
  <testcase name="registered_device_with_x509cert_to_server_with_x509cert_rootca_certificate_usage_taa_selfsigned_server_cert_given" classname="org.eclipse.leshan.integration.tests.SecurityTest" time="1.054"/>
  <testcase name="registered_device_with_x509cert_and_bad_endpoint_to_server_with_x509cert" classname="org.eclipse.leshan.integration.tests.SecurityTest" time="1.057"/>
  <testcase name="registered_device_with_x509cert_to_server_with_x509cert_selfsigned_certificate_usage_domain_selfsigned_server_cert_given" classname="org.eclipse.leshan.integration.tests.SecurityTest" time="1.057">
    <error message="java.util.concurrent.TimeoutException: wait for register timeout" type="java.lang.RuntimeException"><![CDATA[java.lang.RuntimeException: java.util.concurrent.TimeoutException: wait for register timeout
	at org.eclipse.leshan.integration.tests.SecurityTest.registered_device_with_x509cert_to_server_with_x509cert_selfsigned_certificate_usage_domain_selfsigned_server_cert_given(SecurityTest.java:1548)
Caused by: java.util.concurrent.TimeoutException: wait for register timeout
	at org.eclipse.leshan.integration.tests.SecurityTest.registered_device_with_x509cert_to_server_with_x509cert_selfsigned_certificate_usage_domain_selfsigned_server_cert_given(SecurityTest.java:1548)
]]></error>
  </testcase>
  <testcase name="registered_device_with_bad_psk_identity_to_server_with_psk" classname="org.eclipse.leshan.integration.tests.SecurityTest" time="1.056"/>
  <testcase name="registered_device_with_x509cert_to_server_with_x509cert_rootca_certificate_usage_ca" classname="org.eclipse.leshan.integration.tests.SecurityTest" time="1.057"/>
  <testcase name="registered_device_with_psk_identity_to_server_with_psk_then_remove_security_info" classname="org.eclipse.leshan.integration.tests.SecurityTest" time="2.591"/>
  <testcase name="registered_device_with_x509cert_to_server_with_x509cert_server_certificate_usage_domain_server_cert_wo_chain_given" classname="org.eclipse.leshan.integration.tests.SecurityTest" time="1.058">
    <error message="java.util.concurrent.TimeoutException: wait for register timeout" type="java.lang.RuntimeException"><![CDATA[java.lang.RuntimeException: java.util.concurrent.TimeoutException: wait for register timeout
	at org.eclipse.leshan.integration.tests.SecurityTest.registered_device_with_x509cert_to_server_with_x509cert_server_certificate_usage_domain_server_cert_wo_chain_given(SecurityTest.java:1583)
Caused by: java.util.concurrent.TimeoutException: wait for register timeout
	at org.eclipse.leshan.integration.tests.SecurityTest.registered_device_with_x509cert_to_server_with_x509cert_server_certificate_usage_domain_server_cert_wo_chain_given(SecurityTest.java:1583)
]]></error>
  </testcase>
  <testcase name="registered_device_with_x509cert_to_server_with_x509cert_rootca_certificate_service_domain_root_ca_given" classname="org.eclipse.leshan.integration.tests.SecurityTest" time="1.072"/>
  <testcase name="registered_device_with_x509cert_to_server_with_self_signed_x509cert" classname="org.eclipse.leshan.integration.tests.SecurityTest" time="1.061">
    <error message="java.util.concurrent.TimeoutException: wait for register timeout" type="java.lang.RuntimeException"><![CDATA[java.lang.RuntimeException: java.util.concurrent.TimeoutException: wait for register timeout
	at org.eclipse.leshan.integration.tests.SecurityTest.registered_device_with_x509cert_to_server_with_self_signed_x509cert(SecurityTest.java:606)
Caused by: java.util.concurrent.TimeoutException: wait for register timeout
	at org.eclipse.leshan.integration.tests.SecurityTest.registered_device_with_x509cert_to_server_with_self_signed_x509cert(SecurityTest.java:606)
]]></error>
  </testcase>
  <testcase name="server_does_not_initiate_dtls_handshake_with_queue_mode" classname="org.eclipse.leshan.integration.tests.SecurityTest" time="1.595"/>
  <testcase name="registered_device_with_x509cert_and_bad_cn_certificate_to_server_with_x509cert" classname="org.eclipse.leshan.integration.tests.SecurityTest" time="1.067"/>
  <testcase name="registered_device_with_x509cert_to_server_with_x509cert_rootca_certificate_usage_service_other_server_cert_given" classname="org.eclipse.leshan.integration.tests.SecurityTest" time="1.056"/>
  <testcase name="registered_device_with_x509cert_and_bad_private_key_to_server_with_x509cert" classname="org.eclipse.leshan.integration.tests.SecurityTest" time="1.072"/>
  <testcase name="server_initiates_dtls_handshake_timeout" classname="org.eclipse.leshan.integration.tests.SecurityTest" time="1.903"/>
</testsuite>