<?xml version="1.0" encoding="UTF-8"?>
<testsuite xmlns:xsi="http://www.w3.org/2001/XMLSchema-instance" xsi:noNamespaceSchemaLocation="https://maven.apache.org/surefire/maven-surefire-plugin/xsd/surefire-test-report-3.0.xsd" version="3.0" name="com.oistein.app.AppTest" time="0.002" tests="1" errors="0" skipped="0" failures="0">
  <properties>
    <property name="awt.toolkit" value="sun.awt.X11.XToolkit"/>
    <property name="java.specification.version" value="11"/>
    <property name="sun.cpu.isalist" value=""/>
    <property name="sun.jnu.encoding" value="UTF-8"/>
    <property name="java.class.path" value="/home/eskild/nrf9160-aqi/leshan/server/target/test-classes:/home/eskild/nrf9160-aqi/leshan/server/target/classes:/home/eskild/.m2/repository/org/jmdns/jmdns/3.5.6/jmdns-3.5.6.jar:/home/eskild/.m2/repository/org/slf4j/slf4j-api/1.7.30/slf4j-api-1.7.30.jar:/home/eskild/.m2/repository/org/eclipse/leshan/leshan-server-cf/2.0.0-SNAPSHOT/leshan-server-cf-2.0.0-SNAPSHOT.jar:/home/eskild/.m2/repository/org/eclipse/leshan/leshan-core-cf/2.0.0-SNAPSHOT/leshan-core-cf-2.0.0-SNAPSHOT.jar:/home/eskild/.m2/repository/org/eclipse/leshan/leshan-core/2.0.0-SNAPSHOT/leshan-core-2.0.0-SNAPSHOT.jar:/home/eskild/.m2/repository/com/fasterxml/jackson/core/jackson-databind/2.11.2/jackson-databind-2.11.2.jar:/home/eskild/.m2/repository/com/fasterxml/jackson/core/jackson-annotations/2.11.2/jackson-annotations-2.11.2.jar:/home/eskild/.m2/repository/com/fasterxml/jackson/core/jackson-core/2.11.2/jackson-core-2.11.2.jar:/home/eskild/.m2/repository/com/fasterxml/jackson/dataformat/jackson-dataformat-cbor/2.11.2/jackson-dataformat-cbor-2.11.2.jar:/home/eskild/.m2/repository/com/upokecenter/cbor/4.3.0/cbor-4.3.0.jar:/home/eskild/.m2/repository/com/github/peteroupc/numbers/1.7.4/numbers-1.7.4.jar:/home/eskild/.m2/repository/org/eclipse/leshan/leshan-server-core/2.0.0-SNAPSHOT/leshan-server-core-2.0.0-SNAPSHOT.jar:/home/eskild/.m2/repository/org/eclipse/californium/scandium/2.6.1/scandium-2.6.1.jar:/home/eskild/.m2/repository/org/eclipse/leshan/leshan-server-redis/2.0.0-SNAPSHOT/leshan-server-redis-2.0.0-SNAPSHOT.jar:/home/eskild/.m2/repository/redis/clients/jedis/3.3.0/jedis-3.3.0.jar:/home/eskild/.m2/repository/org/apache/commons/commons-pool2/2.6.2/commons-pool2-2.6.2.jar:/home/eskild/.m2/repository/com/eclipsesource/minimal-json/minimal-json/0.9.5/minimal-json-0.9.5.jar:/home/eskild/.m2/repository/commons-cli/commons-cli/1.4/commons-cli-1.4.jar:/home/eskild/.m2/repository/org/eclipse/californium/californium-core/2.6.1/californium-core-2.6.1.jar:/home/eskild/.m2/repository/org/eclipse/californium/californium-legal/2.6.1/californium-legal-2.6.1.jar:/home/eskild/.m2/repository/org/eclipse/californium/element-connector/2.6.1/element-connector-2.6.1.jar:/home/eskild/.m2/repository/net/i2p/crypto/eddsa/0.3.0/eddsa-0.3.0.jar:/home/eskild/.m2/repository/commons-io/commons-io/2.8.0/commons-io-2.8.0.jar:/home/eskild/.m2/repository/commons-lang/commons-lang/2.6/commons-lang-2.6.jar:/home/eskild/.m2/repository/org/eclipse/jetty/jetty-webapp/9.4.34.v20201102/jetty-webapp-9.4.34.v20201102.jar:/home/eskild/.m2/repository/org/eclipse/jetty/jetty-xml/9.4.34.v20201102/jetty-xml-9.4.34.v20201102.jar:/home/eskild/.m2/repository/org/eclipse/jetty/jetty-servlet/9.4.34.v20201102/jetty-servlet-9.4.34.v20201102.jar:/home/eskild/.m2/repository/org/eclipse/jetty/jetty-security/9.4.34.v20201102/jetty-security-9.4.34.v20201102.jar:/home/eskild/.m2/repository/org/eclipse/jetty/jetty-server/9.4.34.v20201102/jetty-server-9.4.34.v20201102.jar:/home/eskild/.m2/repository/javax/servlet/javax.servlet-api/3.1.0/javax.servlet-api-3.1.0.jar:/home/eskild/.m2/repository/org/eclipse/jetty/jetty-servlets/9.4.34.v20201102/jetty-servlets-9.4.34.v20201102.jar:/home/eskild/.m2/repository/org/eclipse/jetty/jetty-continuation/9.4.34.v20201102/jetty-continuation-9.4.34.v20201102.jar:/home/eskild/.m2/repository/org/eclipse/jetty/jetty-http/9.4.34.v20201102/jetty-http-9.4.34.v20201102.jar:/home/eskild/.m2/repository/org/eclipse/jetty/jetty-util/9.4.34.v20201102/jetty-util-9.4.34.v20201102.jar:/home/eskild/.m2/repository/org/eclipse/jetty/jetty-io/9.4.34.v20201102/jetty-io-9.4.34.v20201102.jar:/home/eskild/.m2/repository/com/google/code/gson/gson/2.8.6/gson-2.8.6.jar:/home/eskild/.m2/repository/ch/qos/logback/logback-classic/1.2.3/logback-classic-1.2.3.jar:/home/eskild/.m2/repository/ch/qos/logback/logback-core/1.2.3/logback-core-1.2.3.jar:/home/eskild/.m2/repository/junit/junit/4.13.1/junit-4.13.1.jar:/home/eskild/.m2/repository/org/hamcrest/hamcrest-core/1.3/hamcrest-core-1.3.jar:"/>
    <property name="java.vm.vendor" value="Debian"/>
    <property name="sun.arch.data.model" value="64"/>
    <property name="java.vendor.url" value="https://tracker.debian.org/openjdk-11"/>
    <property name="user.timezone" value=""/>
    <property name="java.vm.specification.version" value="11"/>
    <property name="os.name" value="Linux"/>
    <property name="sun.java.launcher" value="SUN_STANDARD"/>
    <property name="user.country" value="GB"/>
    <property name="sun.boot.library.path" value="/usr/lib/jvm/java-11-openjdk-amd64/lib"/>
    <property name="sun.java.command" value="/home/eskild/nrf9160-aqi/leshan/server/target/surefire/surefirebooter4471871872544322943.jar /home/eskild/nrf9160-aqi/leshan/server/target/surefire 2021-03-29T12-52-56_100-jvmRun1 surefire13200882814026254041tmp surefire_06153178711685981315tmp"/>
    <property name="jdk.debug" value="release"/>
    <property name="surefire.test.class.path" value="/home/eskild/nrf9160-aqi/leshan/server/target/test-classes:/home/eskild/nrf9160-aqi/leshan/server/target/classes:/home/eskild/.m2/repository/org/jmdns/jmdns/3.5.6/jmdns-3.5.6.jar:/home/eskild/.m2/repository/org/slf4j/slf4j-api/1.7.30/slf4j-api-1.7.30.jar:/home/eskild/.m2/repository/org/eclipse/leshan/leshan-server-cf/2.0.0-SNAPSHOT/leshan-server-cf-2.0.0-SNAPSHOT.jar:/home/eskild/.m2/repository/org/eclipse/leshan/leshan-core-cf/2.0.0-SNAPSHOT/leshan-core-cf-2.0.0-SNAPSHOT.jar:/home/eskild/.m2/repository/org/eclipse/leshan/leshan-core/2.0.0-SNAPSHOT/leshan-core-2.0.0-SNAPSHOT.jar:/home/eskild/.m2/repository/com/fasterxml/jackson/core/jackson-databind/2.11.2/jackson-databind-2.11.2.jar:/home/eskild/.m2/repository/com/fasterxml/jackson/core/jackson-annotations/2.11.2/jackson-annotations-2.11.2.jar:/home/eskild/.m2/repository/com/fasterxml/jackson/core/jackson-core/2.11.2/jackson-core-2.11.2.jar:/home/eskild/.m2/repository/com/fasterxml/jackson/dataformat/jackson-dataformat-cbor/2.11.2/jackson-dataformat-cbor-2.11.2.jar:/home/eskild/.m2/repository/com/upokecenter/cbor/4.3.0/cbor-4.3.0.jar:/home/eskild/.m2/repository/com/github/peteroupc/numbers/1.7.4/numbers-1.7.4.jar:/home/eskild/.m2/repository/org/eclipse/leshan/leshan-server-core/2.0.0-SNAPSHOT/leshan-server-core-2.0.0-SNAPSHOT.jar:/home/eskild/.m2/repository/org/eclipse/californium/scandium/2.6.1/scandium-2.6.1.jar:/home/eskild/.m2/repository/org/eclipse/leshan/leshan-server-redis/2.0.0-SNAPSHOT/leshan-server-redis-2.0.0-SNAPSHOT.jar:/home/eskild/.m2/repository/redis/clients/jedis/3.3.0/jedis-3.3.0.jar:/home/eskild/.m2/repository/org/apache/commons/commons-pool2/2.6.2/commons-pool2-2.6.2.jar:/home/eskild/.m2/repository/com/eclipsesource/minimal-json/minimal-json/0.9.5/minimal-json-0.9.5.jar:/home/eskild/.m2/repository/commons-cli/commons-cli/1.4/commons-cli-1.4.jar:/home/eskild/.m2/repository/org/eclipse/californium/californium-core/2.6.1/californium-core-2.6.1.jar:/home/eskild/.m2/repository/org/eclipse/californium/californium-legal/2.6.1/californium-legal-2.6.1.jar:/home/eskild/.m2/repository/org/eclipse/californium/element-connector/2.6.1/element-connector-2.6.1.jar:/home/eskild/.m2/repository/net/i2p/crypto/eddsa/0.3.0/eddsa-0.3.0.jar:/home/eskild/.m2/repository/commons-io/commons-io/2.8.0/commons-io-2.8.0.jar:/home/eskild/.m2/repository/commons-lang/commons-lang/2.6/commons-lang-2.6.jar:/home/eskild/.m2/repository/org/eclipse/jetty/jetty-webapp/9.4.34.v20201102/jetty-webapp-9.4.34.v20201102.jar:/home/eskild/.m2/repository/org/eclipse/jetty/jetty-xml/9.4.34.v20201102/jetty-xml-9.4.34.v20201102.jar:/home/eskild/.m2/repository/org/eclipse/jetty/jetty-servlet/9.4.34.v20201102/jetty-servlet-9.4.34.v20201102.jar:/home/eskild/.m2/repository/org/eclipse/jetty/jetty-security/9.4.34.v20201102/jetty-security-9.4.34.v20201102.jar:/home/eskild/.m2/repository/org/eclipse/jetty/jetty-server/9.4.34.v20201102/jetty-server-9.4.34.v20201102.jar:/home/eskild/.m2/repository/javax/servlet/javax.servlet-api/3.1.0/javax.servlet-api-3.1.0.jar:/home/eskild/.m2/repository/org/eclipse/jetty/jetty-servlets/9.4.34.v20201102/jetty-servlets-9.4.34.v20201102.jar:/home/eskild/.m2/repository/org/eclipse/jetty/jetty-continuation/9.4.34.v20201102/jetty-continuation-9.4.34.v20201102.jar:/home/eskild/.m2/repository/org/eclipse/jetty/jetty-http/9.4.34.v20201102/jetty-http-9.4.34.v20201102.jar:/home/eskild/.m2/repository/org/eclipse/jetty/jetty-util/9.4.34.v20201102/jetty-util-9.4.34.v20201102.jar:/home/eskild/.m2/repository/org/eclipse/jetty/jetty-io/9.4.34.v20201102/jetty-io-9.4.34.v20201102.jar:/home/eskild/.m2/repository/com/google/code/gson/gson/2.8.6/gson-2.8.6.jar:/home/eskild/.m2/repository/ch/qos/logback/logback-classic/1.2.3/logback-classic-1.2.3.jar:/home/eskild/.m2/repository/ch/qos/logback/logback-core/1.2.3/logback-core-1.2.3.jar:/home/eskild/.m2/repository/junit/junit/4.13.1/junit-4.13.1.jar:/home/eskild/.m2/repository/org/hamcrest/hamcrest-core/1.3/hamcrest-core-1.3.jar:"/>
    <property name="sun.cpu.endian" value="little"/>
    <property name="user.home" value="/home/eskild"/>
    <property name="user.language" value="en"/>
    <property name="java.specification.vendor" value="Oracle Corporation"/>
    <property name="java.version.date" value="2020-11-04"/>
    <property name="java.home" value="/usr/lib/jvm/java-11-openjdk-amd64"/>
    <property name="file.separator" value="/"/>
    <property name="basedir" value="/home/eskild/nrf9160-aqi/leshan/server"/>
    <property name="java.vm.compressedOopsMode" value="Zero based"/>
    <property name="line.separator" value="&#10;"/>
    <property name="java.specification.name" value="Java Platform API Specification"/>
    <property name="java.vm.specification.vendor" value="Oracle Corporation"/>
    <property name="java.awt.graphicsenv" value="sun.awt.X11GraphicsEnvironment"/>
    <property name="logback.configurationFile" value="logback-leshan-test.xml"/>
    <property name="surefire.real.class.path" value="/home/eskild/nrf9160-aqi/leshan/server/target/surefire/surefirebooter4471871872544322943.jar"/>
    <property name="sun.management.compiler" value="HotSpot 64-Bit Tiered Compilers"/>
    <property name="java.runtime.version" value="11.0.9.1+1-post-Debian-1deb10u2"/>
    <property name="user.name" value="eskild"/>
    <property name="path.separator" value=":"/>
    <property name="os.version" value="4.19.0-14-amd64"/>
    <property name="java.runtime.name" value="OpenJDK Runtime Environment"/>
    <property name="file.encoding" value="UTF-8"/>
    <property name="java.vm.name" value="OpenJDK 64-Bit Server VM"/>
    <property name="localRepository" value="/home/eskild/.m2/repository"/>
    <property name="java.vendor.url.bug" value="https://bugs.debian.org/openjdk-11"/>
    <property name="java.io.tmpdir" value="/tmp"/>
    <property name="java.version" value="11.0.9.1"/>
    <property name="user.dir" value="/home/eskild/nrf9160-aqi/leshan/server"/>
    <property name="os.arch" value="amd64"/>
    <property name="java.vm.specification.name" value="Java Virtual Machine Specification"/>
    <property name="java.awt.printerjob" value="sun.print.PSPrinterJob"/>
    <property name="sun.os.patch.level" value="unknown"/>
    <property name="java.library.path" value="/usr/java/packages/lib:/usr/lib/x86_64-linux-gnu/jni:/lib/x86_64-linux-gnu:/usr/lib/x86_64-linux-gnu:/usr/lib/jni:/lib:/usr/lib"/>
    <property name="java.vm.info" value="mixed mode, sharing"/>
    <property name="java.vendor" value="Debian"/>
    <property name="java.vm.version" value="11.0.9.1+1-post-Debian-1deb10u2"/>
    <property name="sun.io.unicode.encoding" value="UnicodeLittle"/>
    <property name="java.class.version" value="55.0"/>
  </properties>
  <testcase name="shouldAnswerWithTrue" classname="com.oistein.app.AppTest" time="0.002"/>
</testsuite>