<?xml version="1.0" encoding="UTF-8"?>
<testsuite xmlns:xsi="http://www.w3.org/2001/XMLSchema-instance" xsi:noNamespaceSchemaLocation="https://maven.apache.org/surefire/maven-surefire-plugin/xsd/surefire-test-report-3.0.xsd" version="3.0" name="org.eclipse.leshan.server.demo.model.ValidateServerDemoModelsTest" time="5.609" tests="1" errors="0" skipped="0" failures="0">
  <properties>
    <property name="java.specification.version" value="15"/>
    <property name="sun.cpu.isalist" value="amd64"/>
    <property name="sun.jnu.encoding" value="Cp1252"/>
    <property name="java.class.path" value="C:\Programmering\leshan\leshan-server-demo\target\test-classes;C:\Programmering\leshan\leshan-server-demo\target\classes;C:\Users\Eskild\.m2\repository\org\jmdns\jmdns\3.5.6\jmdns-3.5.6.jar;C:\Users\Eskild\.m2\repository\org\slf4j\slf4j-api\1.7.30\slf4j-api-1.7.30.jar;C:\Programmering\leshan\leshan-server-cf\target\leshan-server-cf-2.0.0-SNAPSHOT.jar;C:\Programmering\leshan\leshan-core-cf\target\leshan-core-cf-2.0.0-SNAPSHOT.jar;C:\Programmering\leshan\leshan-core\target\leshan-core-2.0.0-SNAPSHOT.jar;C:\Users\Eskild\.m2\repository\com\fasterxml\jackson\core\jackson-databind\2.11.2\jackson-databind-2.11.2.jar;C:\Users\Eskild\.m2\repository\com\fasterxml\jackson\core\jackson-annotations\2.11.2\jackson-annotations-2.11.2.jar;C:\Users\Eskild\.m2\repository\com\fasterxml\jackson\core\jackson-core\2.11.2\jackson-core-2.11.2.jar;C:\Users\Eskild\.m2\repository\com\fasterxml\jackson\dataformat\jackson-dataformat-cbor\2.11.2\jackson-dataformat-cbor-2.11.2.jar;C:\Users\Eskild\.m2\repository\com\upokecenter\cbor\4.3.0\cbor-4.3.0.jar;C:\Users\Eskild\.m2\repository\com\github\peteroupc\numbers\1.7.4\numbers-1.7.4.jar;C:\Programmering\leshan\leshan-server-core\target\leshan-server-core-2.0.0-SNAPSHOT.jar;C:\Users\Eskild\.m2\repository\org\eclipse\californium\scandium\2.6.1\scandium-2.6.1.jar;C:\Programmering\leshan\leshan-server-redis\target\leshan-server-redis-2.0.0-SNAPSHOT.jar;C:\Users\Eskild\.m2\repository\redis\clients\jedis\3.3.0\jedis-3.3.0.jar;C:\Users\Eskild\.m2\repository\org\apache\commons\commons-pool2\2.6.2\commons-pool2-2.6.2.jar;C:\Users\Eskild\.m2\repository\com\eclipsesource\minimal-json\minimal-json\0.9.5\minimal-json-0.9.5.jar;C:\Users\Eskild\.m2\repository\commons-cli\commons-cli\1.4\commons-cli-1.4.jar;C:\Users\Eskild\.m2\repository\org\eclipse\californium\californium-core\2.6.1\californium-core-2.6.1.jar;C:\Users\Eskild\.m2\repository\org\eclipse\californium\californium-legal\2.6.1\californium-legal-2.6.1.jar;C:\Users\Eskild\.m2\repository\org\eclipse\californium\element-connector\2.6.1\element-connector-2.6.1.jar;C:\Users\Eskild\.m2\repository\commons-io\commons-io\2.8.0\commons-io-2.8.0.jar;C:\Users\Eskild\.m2\repository\commons-lang\commons-lang\2.6\commons-lang-2.6.jar;C:\Users\Eskild\.m2\repository\org\eclipse\jetty\jetty-webapp\9.4.34.v20201102\jetty-webapp-9.4.34.v20201102.jar;C:\Users\Eskild\.m2\repository\org\eclipse\jetty\jetty-xml\9.4.34.v20201102\jetty-xml-9.4.34.v20201102.jar;C:\Users\Eskild\.m2\repository\org\eclipse\jetty\jetty-servlet\9.4.34.v20201102\jetty-servlet-9.4.34.v20201102.jar;C:\Users\Eskild\.m2\repository\org\eclipse\jetty\jetty-security\9.4.34.v20201102\jetty-security-9.4.34.v20201102.jar;C:\Users\Eskild\.m2\repository\org\eclipse\jetty\jetty-server\9.4.34.v20201102\jetty-server-9.4.34.v20201102.jar;C:\Users\Eskild\.m2\repository\javax\servlet\javax.servlet-api\3.1.0\javax.servlet-api-3.1.0.jar;C:\Users\Eskild\.m2\repository\org\eclipse\jetty\jetty-servlets\9.4.34.v20201102\jetty-servlets-9.4.34.v20201102.jar;C:\Users\Eskild\.m2\repository\org\eclipse\jetty\jetty-continuation\9.4.34.v20201102\jetty-continuation-9.4.34.v20201102.jar;C:\Users\Eskild\.m2\repository\org\eclipse\jetty\jetty-http\9.4.34.v20201102\jetty-http-9.4.34.v20201102.jar;C:\Users\Eskild\.m2\repository\org\eclipse\jetty\jetty-util\9.4.34.v20201102\jetty-util-9.4.34.v20201102.jar;C:\Users\Eskild\.m2\repository\org\eclipse\jetty\jetty-io\9.4.34.v20201102\jetty-io-9.4.34.v20201102.jar;C:\Users\Eskild\.m2\repository\com\google\code\gson\gson\2.8.6\gson-2.8.6.jar;C:\Users\Eskild\.m2\repository\ch\qos\logback\logback-classic\1.2.3\logback-classic-1.2.3.jar;C:\Users\Eskild\.m2\repository\ch\qos\logback\logback-core\1.2.3\logback-core-1.2.3.jar;C:\Users\Eskild\.m2\repository\junit\junit\4.13.1\junit-4.13.1.jar;C:\Users\Eskild\.m2\repository\org\hamcrest\hamcrest-core\1.3\hamcrest-core-1.3.jar;"/>
    <property name="java.vm.vendor" value="Oracle Corporation"/>
    <property name="sun.arch.data.model" value="64"/>
    <property name="user.variant" value=""/>
    <property name="java.vendor.url" value="https://java.oracle.com/"/>
    <property name="user.timezone" value="Europe/Berlin"/>
    <property name="os.name" value="Windows 10"/>
    <property name="java.vm.specification.version" value="15"/>
    <property name="sun.java.launcher" value="SUN_STANDARD"/>
    <property name="user.country" value="GB"/>
    <property name="sun.boot.library.path" value="C:\Program Files\Java\jdk-15.0.2\bin"/>
    <property name="sun.java.command" value="C:\Users\Eskild\AppData\Local\Temp\surefire1870493684723888600\surefirebooter5482418409801377268.jar C:\Users\Eskild\AppData\Local\Temp\surefire1870493684723888600 2021-03-04T13-33-12_834-jvmRun1 surefire8946572188682060411tmp surefire_01321082970051746268tmp"/>
    <property name="jdk.debug" value="release"/>
    <property name="surefire.test.class.path" value="C:\Programmering\leshan\leshan-server-demo\target\test-classes;C:\Programmering\leshan\leshan-server-demo\target\classes;C:\Users\Eskild\.m2\repository\org\jmdns\jmdns\3.5.6\jmdns-3.5.6.jar;C:\Users\Eskild\.m2\repository\org\slf4j\slf4j-api\1.7.30\slf4j-api-1.7.30.jar;C:\Programmering\leshan\leshan-server-cf\target\leshan-server-cf-2.0.0-SNAPSHOT.jar;C:\Programmering\leshan\leshan-core-cf\target\leshan-core-cf-2.0.0-SNAPSHOT.jar;C:\Programmering\leshan\leshan-core\target\leshan-core-2.0.0-SNAPSHOT.jar;C:\Users\Eskild\.m2\repository\com\fasterxml\jackson\core\jackson-databind\2.11.2\jackson-databind-2.11.2.jar;C:\Users\Eskild\.m2\repository\com\fasterxml\jackson\core\jackson-annotations\2.11.2\jackson-annotations-2.11.2.jar;C:\Users\Eskild\.m2\repository\com\fasterxml\jackson\core\jackson-core\2.11.2\jackson-core-2.11.2.jar;C:\Users\Eskild\.m2\repository\com\fasterxml\jackson\dataformat\jackson-dataformat-cbor\2.11.2\jackson-dataformat-cbor-2.11.2.jar;C:\Users\Eskild\.m2\repository\com\upokecenter\cbor\4.3.0\cbor-4.3.0.jar;C:\Users\Eskild\.m2\repository\com\github\peteroupc\numbers\1.7.4\numbers-1.7.4.jar;C:\Programmering\leshan\leshan-server-core\target\leshan-server-core-2.0.0-SNAPSHOT.jar;C:\Users\Eskild\.m2\repository\org\eclipse\californium\scandium\2.6.1\scandium-2.6.1.jar;C:\Programmering\leshan\leshan-server-redis\target\leshan-server-redis-2.0.0-SNAPSHOT.jar;C:\Users\Eskild\.m2\repository\redis\clients\jedis\3.3.0\jedis-3.3.0.jar;C:\Users\Eskild\.m2\repository\org\apache\commons\commons-pool2\2.6.2\commons-pool2-2.6.2.jar;C:\Users\Eskild\.m2\repository\com\eclipsesource\minimal-json\minimal-json\0.9.5\minimal-json-0.9.5.jar;C:\Users\Eskild\.m2\repository\commons-cli\commons-cli\1.4\commons-cli-1.4.jar;C:\Users\Eskild\.m2\repository\org\eclipse\californium\californium-core\2.6.1\californium-core-2.6.1.jar;C:\Users\Eskild\.m2\repository\org\eclipse\californium\californium-legal\2.6.1\californium-legal-2.6.1.jar;C:\Users\Eskild\.m2\repository\org\eclipse\californium\element-connector\2.6.1\element-connector-2.6.1.jar;C:\Users\Eskild\.m2\repository\commons-io\commons-io\2.8.0\commons-io-2.8.0.jar;C:\Users\Eskild\.m2\repository\commons-lang\commons-lang\2.6\commons-lang-2.6.jar;C:\Users\Eskild\.m2\repository\org\eclipse\jetty\jetty-webapp\9.4.34.v20201102\jetty-webapp-9.4.34.v20201102.jar;C:\Users\Eskild\.m2\repository\org\eclipse\jetty\jetty-xml\9.4.34.v20201102\jetty-xml-9.4.34.v20201102.jar;C:\Users\Eskild\.m2\repository\org\eclipse\jetty\jetty-servlet\9.4.34.v20201102\jetty-servlet-9.4.34.v20201102.jar;C:\Users\Eskild\.m2\repository\org\eclipse\jetty\jetty-security\9.4.34.v20201102\jetty-security-9.4.34.v20201102.jar;C:\Users\Eskild\.m2\repository\org\eclipse\jetty\jetty-server\9.4.34.v20201102\jetty-server-9.4.34.v20201102.jar;C:\Users\Eskild\.m2\repository\javax\servlet\javax.servlet-api\3.1.0\javax.servlet-api-3.1.0.jar;C:\Users\Eskild\.m2\repository\org\eclipse\jetty\jetty-servlets\9.4.34.v20201102\jetty-servlets-9.4.34.v20201102.jar;C:\Users\Eskild\.m2\repository\org\eclipse\jetty\jetty-continuation\9.4.34.v20201102\jetty-continuation-9.4.34.v20201102.jar;C:\Users\Eskild\.m2\repository\org\eclipse\jetty\jetty-http\9.4.34.v20201102\jetty-http-9.4.34.v20201102.jar;C:\Users\Eskild\.m2\repository\org\eclipse\jetty\jetty-util\9.4.34.v20201102\jetty-util-9.4.34.v20201102.jar;C:\Users\Eskild\.m2\repository\org\eclipse\jetty\jetty-io\9.4.34.v20201102\jetty-io-9.4.34.v20201102.jar;C:\Users\Eskild\.m2\repository\com\google\code\gson\gson\2.8.6\gson-2.8.6.jar;C:\Users\Eskild\.m2\repository\ch\qos\logback\logback-classic\1.2.3\logback-classic-1.2.3.jar;C:\Users\Eskild\.m2\repository\ch\qos\logback\logback-core\1.2.3\logback-core-1.2.3.jar;C:\Users\Eskild\.m2\repository\junit\junit\4.13.1\junit-4.13.1.jar;C:\Users\Eskild\.m2\repository\org\hamcrest\hamcrest-core\1.3\hamcrest-core-1.3.jar;"/>
    <property name="sun.cpu.endian" value="little"/>
    <property name="user.home" value="C:\Users\Eskild"/>
    <property name="user.language" value="en"/>
    <property name="java.specification.vendor" value="Oracle Corporation"/>
    <property name="java.version.date" value="2021-01-19"/>
    <property name="java.home" value="C:\Program Files\Java\jdk-15.0.2"/>
    <property name="file.separator" value="\"/>
    <property name="basedir" value="C:\Programmering\leshan\leshan-server-demo"/>
    <property name="java.vm.compressedOopsMode" value="Zero based"/>
    <property name="line.separator" value="&#10;"/>
    <property name="java.vm.specification.vendor" value="Oracle Corporation"/>
    <property name="java.specification.name" value="Java Platform API Specification"/>
    <property name="logback.configurationFile" value="logback-leshan-test.xml"/>
    <property name="surefire.real.class.path" value="C:\Users\Eskild\AppData\Local\Temp\surefire1870493684723888600\surefirebooter5482418409801377268.jar"/>
    <property name="user.script" value=""/>
    <property name="sun.management.compiler" value="HotSpot 64-Bit Tiered Compilers"/>
    <property name="java.runtime.version" value="15.0.2+7-27"/>
    <property name="user.name" value="Eskild"/>
    <property name="path.separator" value=";"/>
    <property name="os.version" value="10.0"/>
    <property name="java.runtime.name" value="Java(TM) SE Runtime Environment"/>
    <property name="file.encoding" value="Cp1252"/>
    <property name="java.vm.name" value="Java HotSpot(TM) 64-Bit Server VM"/>
    <property name="localRepository" value="C:\Users\Eskild\.m2\repository"/>
    <property name="java.vendor.url.bug" value="https://bugreport.java.com/bugreport/"/>
    <property name="java.io.tmpdir" value="C:\Users\Eskild\AppData\Local\Temp\"/>
    <property name="java.version" value="15.0.2"/>
    <property name="user.dir" value="C:\Programmering\leshan\leshan-server-demo"/>
    <property name="os.arch" value="amd64"/>
    <property name="java.vm.specification.name" value="Java Virtual Machine Specification"/>
    <property name="sun.os.patch.level" value=""/>
    <property name="java.library.path" value="C:\Program Files\Java\jdk-15.0.2\bin;C:\WINDOWS\Sun\Java\bin;C:\WINDOWS\system32;C:\WINDOWS;C:\Program Files\Java\jdk-15.0.2\bin;C:\Program Files\Common Files\Oracle\Java\javapath;C:\Program Files (x86)\Common Files\Oracle\Java\javapath;C:\WINDOWS\system32;C:\WINDOWS;C:\WINDOWS\System32\Wbem;C:\WINDOWS\System32\WindowsPowerShell\v1.0\;C:\Users\Eskild\AppData\Local\Microsoft\WindowsApps;C:\Program Files\gs\gs9.53.3\bin;C:\Program Files (x86)\MSBuild\14.0\Bin;C:\Program Files (x86)\Mono\bin;C:\WINDOWS\System32\OpenSSH\;C:\Users\Eskild\AppData\Local\Packages\PythonSoftwareFoundation.Python.3.8_qbz5n2kfra8p0\LocalCache\local-packages\Python38\Scripts;C:\Users\Eskild\AppData\Local\Packages\PythonSoftwareFoundation.Python.3.9_qbz5n2kfra8p0\LocalCache\local-packages\Python39\Scripts;C:\Programmering\texlive\2020\bin\win32;C:\Program Files\MATLAB\R2018b\bin;C:\Program Files\dotnet\;C:\Program Files\apache-maven-3.6.3\bin;C:\Program Files\NVIDIA Corporation\NVIDIA NvDLISR;C:\Program Files (x86)\NVIDIA Corporation\PhysX\Common;C:\WINDOWS\system32;C:\WINDOWS;C:\WINDOWS\System32\Wbem;C:\WINDOWS\System32\OpenSSH\;C:\WINDOWS\System32\WindowsPowerShell\v1.0\;C:\ProgramData\chocolatey\bin;C:\Program Files\CMake\bin;C:\Program Files\Git\cmd;C:\Python27\Scripts;C:\Users\Eskild\AppData\Roaming\Vintagestory;C:\Users\Eskild\AppData\Roaming\VintagestoryData;C:\Program Files\Microsoft SQL Server\130\Tools\Binn\;C:\Program Files (x86)\ZeroTier\One\;C:\Program Files\Sublime Text 3;C:\Python27;C:\Users\Eskild\AppData\Local\Programs\Python\Python39\Scripts\;C:\Users\Eskild\AppData\Local\Programs\Python\Python39\;C:\Programmering\texlive\2020;C:\Users\Eskild\.dotnet\tools;C:\Python27\;C:\Python27\Scripts\;."/>
    <property name="java.vm.info" value="mixed mode, sharing"/>
    <property name="java.vendor" value="Oracle Corporation"/>
    <property name="java.vm.version" value="15.0.2+7-27"/>
    <property name="sun.io.unicode.encoding" value="UnicodeLittle"/>
    <property name="java.class.version" value="59.0"/>
  </properties>
  <testcase name="validate_embedded_models" classname="org.eclipse.leshan.server.demo.model.ValidateServerDemoModelsTest" time="5.609"/>
</testsuite>